Build started 03.06.2015 16:07:24.
     1>Project "D:\Users\05-02\Desktop\1. РАСПЕЧАТАТЬ КУРСОВУЮ!\Курсовая\Курсовая WinAPI\Курсовая WinAPI.vcxproj" on node 2 (Build target(s)).
     1>ClCompile:
         C:\Program Files (x86)\Microsoft Visual Studio 12.0\VC\bin\CL.exe /c /ZI /nologo /W3 /WX- /sdl /Od /Oy- /D WIN32 /D _DEBUG /D _WINDOWS /D _UNICODE /D UNICODE /Gm /EHsc /RTC1 /MDd /GS /fp:precise /Zc:wchar_t /Zc:forScope /Fo"Debug\\" /Fd"Debug\vc120.pdb" /Gd /TP /analyze- /errorReport:prompt LoginWindow.cpp
         LoginWindow.cpp
       Link:
         C:\Program Files (x86)\Microsoft Visual Studio 12.0\VC\bin\link.exe /ERRORREPORT:PROMPT /OUT:"D:\Users\05-02\Desktop\1. РАСПЕЧАТАТЬ КУРСОВУЮ!\Курсовая\Debug\Курсовая WinAPI.exe" /INCREMENTAL /NOLOGO kernel32.lib user32.lib gdi32.lib winspool.lib comdlg32.lib advapi32.lib shell32.lib ole32.lib oleaut32.lib uuid.lib odbc32.lib odbccp32.lib /MANIFEST /MANIFESTUAC:"level='asInvoker' uiAccess='false'" /manifest:embed /DEBUG /PDB:"D:\Users\05-02\Desktop\1. РАСПЕЧАТАТЬ КУРСОВУЮ!\Курсовая\Debug\Курсовая WinAPI.pdb" /SUBSYSTEM:WINDOWS /TLBID:1 /DYNAMICBASE /NXCOMPAT /IMPLIB:"D:\Users\05-02\Desktop\1. РАСПЕЧАТАТЬ КУРСОВУЮ!\Курсовая\Debug\Курсовая WinAPI.lib" /MACHINE:X86 "Debug\Курсовая WinAPI.res"
         Debug\AddAdminWindow.obj
         Debug\Admins.obj
         Debug\AdminWindow.obj
         Debug\Client.obj
         Debug\ClientBase.obj
         Debug\ClientWindow.obj
         Debug\Account.obj
         Debug\DeleteAccountWindow.obj
         Debug\EditClientWindow.obj
         Debug\HoldPaymentWindow.obj
         Debug\Interface.obj
         Debug\LoginWindow.obj
         Debug\NewAccountWindow.obj
         Debug\NewClientWindow.obj
         Debug\RemoveAdminWindow.obj
         Debug\RemoveClientWindow.obj
         Курсовая WinAPI.vcxproj -> D:\Users\05-02\Desktop\1. РАСПЕЧАТАТЬ КУРСОВУЮ!\Курсовая\Debug\Курсовая WinAPI.exe
     1>Done Building Project "D:\Users\05-02\Desktop\1. РАСПЕЧАТАТЬ КУРСОВУЮ!\Курсовая\Курсовая WinAPI\Курсовая WinAPI.vcxproj" (Build target(s)).

Build succeeded.

Time Elapsed 00:00:02.52
